<?xml version="1.0" encoding="UTF-8"?><testsuite errors="0" failures="0" name="io.swagger.petstore.testsuite.UsersCRUDTest" skipped="0" tests="4" time="6.96" timestamp="2023-01-03T20:47:55.355Z[Europe/London]"><testcase classname="io.swagger.petstore.testsuite.UsersCRUDTest" name="This will create new user"/><testcase classname="io.swagger.petstore.testsuite.UsersCRUDTest" name="Verify user was added"/><testcase classname="io.swagger.petstore.testsuite.UsersCRUDTest" name="Verify user was Updated"/><testcase classname="io.swagger.petstore.testsuite.UsersCRUDTest" name="Verify user was deleted"/></testsuite>