<?xml version="1.0" encoding="UTF-8"?><testsuite errors="0" failures="0" name="io.swagger.petstore.testsuite.PetsCRUDTest" skipped="0" tests="4" time="8.06" timestamp="2023-01-03T20:47:55.349Z[Europe/London]"><testcase classname="io.swagger.petstore.testsuite.PetsCRUDTest" name="This will create new Pet"/><testcase classname="io.swagger.petstore.testsuite.PetsCRUDTest" name="This will verify if the pet was created"/><testcase classname="io.swagger.petstore.testsuite.PetsCRUDTest" name="Update the pet details and verify"/><testcase classname="io.swagger.petstore.testsuite.PetsCRUDTest" name="Delete the pet by Id"/></testsuite>